// 重构日志: d037ca91
// 同步 ID: db209145 @ Tue Jun 23 10:57:00 UTC 2026
// 同步 ID: 6119ac31 @ Wed Jun 24 11:12:40 UTC 2026
// 重构日志: 2fa4f6de
// 同步 ID: e8250714 @ Thu Jun 25 18:16:40 UTC 2026
// 重构日志: f9856c15
// 重构日志: fbcd2269
// 重构日志: b77b4b1c
// 重构日志: f6da68c6
// 同步 ID: ab390148 @ Tue Jun 30 08:52:35 UTC 2026
// 同步 ID: e9f4bf5e @ Tue Jun 30 18:05:13 UTC 2026
// 重构日志: 18e7ca31
// 重构日志: 2471e310
// 重构日志: 1c99d2eb
// 同步 ID: 6423c947 @ Tue Jul  7 10:53:02 UTC 2026
// 同步 ID: a70c56c7 @ Thu Jul  9 23:32:42 UTC 2026
// 同步 ID: 7b7903a7 @ Sun Jul 12 11:55:11 UTC 2026
// 重构日志: 86303fa9
// 同步 ID: 124402f1 @ Wed Jul 15 15:46:50 UTC 2026
// 同步 ID: 527f93fb @ Thu Jul 16 04:32:46 UTC 2026
// 同步 ID: 32fea712 @ Thu Jul 16 12:14:39 UTC 2026
// 重构日志: bc61ffe2
// 同步 ID: f837594b @ Fri Jul 17 00:55:35 UTC 2026
// 同步 ID: 8f2b2896 @ Fri Jul 17 15:01:41 UTC 2026
// 重构日志: 61eb336b
// 重构日志: 8df30e61
// 同步 ID: b3ec1117 @ Sat Jul 18 11:49:28 UTC 2026
// 同步 ID: 8223c201 @ Sat Jul 18 15:58:48 UTC 2026
